[20:55:34]   [BeatTheBot]  
[20:55:34] ================
[20:55:34]  => Name: doof_bot
[20:55:34]  => Version: 0.0.1
[20:55:34] 
[20:55:34] 
[20:55:34] ========================
[20:55:34]  => Reached next level!
[20:55:34] ========================
[20:55:34] | Kills: 0
[20:55:34] | Deaths: 0
[20:55:34] 
[21:01:02]   [BeatTheBot]  
[21:01:02] ================
[21:01:02]  => Name: doof_bot
[21:01:02]  => Version: 0.0.1
[21:01:02] 
[21:01:03] 
[21:01:03] ========================
[21:01:03]  => Reached next level!
[21:01:03] ========================
[21:01:03] | Kills: 5
[21:01:03] | Deaths: 19
[21:01:03] 
[21:01:27]   [BeatTheBot]  
[21:01:27] ================
[21:01:27]  => Name: doof_bot
[21:01:27]  => Version: 0.0.1
[21:01:27] 
[21:01:27] 
[21:01:27] ========================
[21:01:27]  => Reached next level!
[21:01:27] ========================
[21:01:27] | Kills: 0
[21:01:27] | Deaths: 0
[21:01:27] 
[21:04:39] 
[21:04:39] ========================
[21:04:39]  => Reached next level!
[21:04:39] ========================
[21:04:39] | Kills: 19
[21:04:39] | Deaths: 19
[21:04:39] 
[21:19:38] 
[21:19:38] ========================
[21:19:38]  => Reached next level!
[21:19:38] ========================
[21:19:38] | Kills: 65
[21:19:38] | Deaths: 67
[21:19:38] 
[21:22:16] 
[21:22:16] ========================
[21:22:16]  => Reached next level!
[21:22:16] ========================
[21:22:16] | Kills: 74
[21:22:16] | Deaths: 80
[21:22:16] 
[23:45:26]   [BeatTheBot]  
[23:45:26] ================
[23:45:26]  => Name: doof_bot
[23:45:26]  => Version: 0.0.1
[23:45:26] 
[23:52:15]   [BeatTheBot]  
[23:52:15] ================
[23:52:15]  => Name: doof_bot
[23:52:15]  => Version: 0.0.1
[23:52:15] 
[23:52:15] 
[23:52:15] ========================
[23:52:15]  => Reached next level!
[23:52:15] ========================
[23:52:15] | Kills: 0
[23:52:15] | Deaths: 0
[23:52:15] 
